C:\Program Files (x86)\Microsoft Visual Studio\2019\Community\MSBuild\Microsoft\VC\v160\Microsoft.CppBuild.targets(513,5): warning MSB8028: The intermediate directory (Release\) contains files shared from another project (SFMLProjectJul29th.vcxproj).  This can lead to incorrect clean and rebuild behavior.
  Brush.cpp
C:\Users\GGPC\Documents\GitHub\GD1P03-PaintRW\GD1P03-PaintTool\GD1P03-PaintTool\Canvas.h(2,10): warning C4067: unexpected tokens following preprocessor directive - expected a newline
C:\Users\GGPC\Documents\GitHub\GD1P03-PaintRW\GD1P03-PaintTool\GD1P03-PaintTool\Brush.cpp(5,20): warning C4305: 'initializing': truncation from 'double' to 'float'
C:\Users\GGPC\Documents\GitHub\GD1P03-PaintRW\GD1P03-PaintTool\GD1P03-PaintTool\Brush.cpp(12,20): warning C4305: 'initializing': truncation from 'double' to 'float'
C:\Users\GGPC\Documents\GitHub\GD1P03-PaintRW\GD1P03-PaintTool\GD1P03-PaintTool\Brush.cpp(98,46): warning C4244: 'argument': conversion from 'int' to 'T', possible loss of data
          with
          [
              T=float
          ]
C:\Users\GGPC\Documents\GitHub\GD1P03-PaintRW\GD1P03-PaintTool\GD1P03-PaintTool\Brush.cpp(98,39): warning C4244: 'argument': conversion from 'int' to 'T', possible loss of data
          with
          [
              T=float
          ]
C:\Users\GGPC\Documents\GitHub\GD1P03-PaintRW\GD1P03-PaintTool\GD1P03-PaintTool\Brush.cpp(101,29): warning C4244: 'argument': conversion from 'int' to 'float', possible loss of data
C:\Users\GGPC\Documents\GitHub\GD1P03-PaintRW\GD1P03-PaintTool\GD1P03-PaintTool\Brush.cpp(101,24): warning C4244: 'argument': conversion from 'int' to 'float', possible loss of data
C:\Users\GGPC\Documents\GitHub\GD1P03-PaintRW\GD1P03-PaintTool\GD1P03-PaintTool\Brush.cpp(103,36): warning C4244: 'argument': conversion from 'int' to 'float', possible loss of data
C:\Users\GGPC\Documents\GitHub\GD1P03-PaintRW\GD1P03-PaintTool\GD1P03-PaintTool\Brush.cpp(108,47): warning C4244: 'argument': conversion from 'int' to 'T', possible loss of data
          with
          [
              T=float
          ]
C:\Users\GGPC\Documents\GitHub\GD1P03-PaintRW\GD1P03-PaintTool\GD1P03-PaintTool\Brush.cpp(108,40): warning C4244: 'argument': conversion from 'int' to 'T', possible loss of data
          with
          [
              T=float
          ]
C:\Users\GGPC\Documents\GitHub\GD1P03-PaintRW\GD1P03-PaintTool\GD1P03-PaintTool\Brush.cpp(109,13): warning C4244: 'initializing': conversion from 'int' to 'float', possible loss of data
C:\Users\GGPC\Documents\GitHub\GD1P03-PaintRW\GD1P03-PaintTool\GD1P03-PaintTool\Brush.cpp(117,84): warning C4244: 'argument': conversion from 'T' to 'float', possible loss of data
          with
          [
              T=int
          ]
C:\Users\GGPC\Documents\GitHub\GD1P03-PaintRW\GD1P03-PaintTool\GD1P03-PaintTool\Brush.cpp(117,52): warning C4244: 'argument': conversion from 'T' to 'float', possible loss of data
          with
          [
              T=int
          ]
C:\Users\GGPC\Documents\GitHub\GD1P03-PaintRW\GD1P03-PaintTool\GD1P03-PaintTool\Brush.cpp(119,36): warning C4244: 'argument': conversion from 'int' to 'float', possible loss of data
C:\Users\GGPC\Documents\GitHub\GD1P03-PaintRW\GD1P03-PaintTool\GD1P03-PaintTool\Brush.cpp(124,58): warning C4244: 'argument': conversion from 'int' to 'float', possible loss of data
C:\Users\GGPC\Documents\GitHub\GD1P03-PaintRW\GD1P03-PaintTool\GD1P03-PaintTool\Brush.cpp(124,51): warning C4244: 'argument': conversion from 'int' to 'float', possible loss of data
C:\Users\GGPC\Documents\GitHub\GD1P03-PaintRW\GD1P03-PaintTool\GD1P03-PaintTool\Brush.cpp(124,66): warning C4244: 'argument': conversion from 'int' to 'T', possible loss of data
          with
          [
              T=float
          ]
C:\Users\GGPC\Documents\GitHub\GD1P03-PaintRW\GD1P03-PaintTool\GD1P03-PaintTool\Brush.cpp(126,39): warning C4244: 'argument': conversion from 'int' to 'float', possible loss of data
C:\Users\GGPC\Documents\GitHub\GD1P03-PaintRW\GD1P03-PaintTool\GD1P03-PaintTool\Brush.cpp(126,31): warning C4244: 'argument': conversion from 'int' to 'float', possible loss of data
C:\Users\GGPC\Documents\GitHub\GD1P03-PaintRW\GD1P03-PaintTool\GD1P03-PaintTool\Brush.cpp(128,29): warning C4244: 'argument': conversion from 'int' to 'float', possible loss of data
C:\Users\GGPC\Documents\GitHub\GD1P03-PaintRW\GD1P03-PaintTool\GD1P03-PaintTool\Brush.cpp(128,24): warning C4244: 'argument': conversion from 'int' to 'float', possible loss of data
C:\Users\GGPC\Documents\GitHub\GD1P03-PaintRW\GD1P03-PaintTool\GD1P03-PaintTool\Brush.cpp(136,47): warning C4244: 'argument': conversion from 'int' to 'T', possible loss of data
          with
          [
              T=float
          ]
C:\Users\GGPC\Documents\GitHub\GD1P03-PaintRW\GD1P03-PaintTool\GD1P03-PaintTool\Brush.cpp(136,40): warning C4244: 'argument': conversion from 'int' to 'T', possible loss of data
          with
          [
              T=float
          ]
C:\Users\GGPC\Documents\GitHub\GD1P03-PaintRW\GD1P03-PaintTool\GD1P03-PaintTool\Brush.cpp(137,13): warning C4244: 'initializing': conversion from 'int' to 'float', possible loss of data
C:\Users\GGPC\Documents\GitHub\GD1P03-PaintRW\GD1P03-PaintTool\GD1P03-PaintTool\Brush.cpp(145,84): warning C4244: 'argument': conversion from 'T' to 'float', possible loss of data
          with
          [
              T=int
          ]
C:\Users\GGPC\Documents\GitHub\GD1P03-PaintRW\GD1P03-PaintTool\GD1P03-PaintTool\Brush.cpp(145,52): warning C4244: 'argument': conversion from 'T' to 'float', possible loss of data
          with
          [
              T=int
          ]
C:\Users\GGPC\Documents\GitHub\GD1P03-PaintRW\GD1P03-PaintTool\GD1P03-PaintTool\Brush.cpp(147,36): warning C4244: 'argument': conversion from 'int' to 'float', possible loss of data
  Button.cpp
C:\Users\GGPC\Documents\GitHub\GD1P03-PaintRW\GD1P03-PaintTool\GD1P03-PaintTool\Button.h(2,10): warning C4067: unexpected tokens following preprocessor directive - expected a newline
C:\Users\GGPC\Documents\GitHub\GD1P03-PaintRW\GD1P03-PaintTool\GD1P03-PaintTool\Canvas.h(2,10): warning C4067: unexpected tokens following preprocessor directive - expected a newline
C:\Users\GGPC\Documents\GitHub\GD1P03-PaintRW\GD1P03-PaintTool\GD1P03-PaintTool\PaintToolManager.h(2,10): warning C4067: unexpected tokens following preprocessor directive - expected a newline
C:\Users\GGPC\Documents\GitHub\GD1P03-PaintRW\GD1P03-PaintTool\GD1P03-PaintTool\Button.cpp(6,33): warning C4244: 'argument': conversion from 'int' to 'T', possible loss of data
          with
          [
              T=float
          ]
C:\Users\GGPC\Documents\GitHub\GD1P03-PaintRW\GD1P03-PaintTool\GD1P03-PaintTool\Button.cpp(6,27): warning C4244: 'argument': conversion from 'int' to 'T', possible loss of data
          with
          [
              T=float
          ]
  Canvas.cpp
C:\Users\GGPC\Documents\GitHub\GD1P03-PaintRW\GD1P03-PaintTool\GD1P03-PaintTool\Canvas.h(2,10): warning C4067: unexpected tokens following preprocessor directive - expected a newline
C:\Users\GGPC\Documents\GitHub\GD1P03-PaintRW\GD1P03-PaintTool\GD1P03-PaintTool\Canvas.cpp(9,45): warning C4244: 'argument': conversion from 'int' to 'T', possible loss of data
          with
          [
              T=float
          ]
C:\Users\GGPC\Documents\GitHub\GD1P03-PaintRW\GD1P03-PaintTool\GD1P03-PaintTool\Canvas.cpp(9,37): warning C4244: 'argument': conversion from 'int' to 'T', possible loss of data
          with
          [
              T=float
          ]
C:\Users\GGPC\Documents\GitHub\GD1P03-PaintRW\GD1P03-PaintTool\GD1P03-PaintTool\Canvas.cpp(49,28): warning C4018: '>=': signed/unsigned mismatch
C:\Users\GGPC\Documents\GitHub\GD1P03-PaintRW\GD1P03-PaintTool\GD1P03-PaintTool\Canvas.cpp(49,76): warning C4018: '>=': signed/unsigned mismatch
C:\Users\GGPC\Documents\GitHub\GD1P03-PaintRW\GD1P03-PaintTool\GD1P03-PaintTool\Canvas.cpp(62,28): warning C4018: '>=': signed/unsigned mismatch
C:\Users\GGPC\Documents\GitHub\GD1P03-PaintRW\GD1P03-PaintTool\GD1P03-PaintTool\Canvas.cpp(62,76): warning C4018: '>=': signed/unsigned mismatch
C:\Users\GGPC\Documents\GitHub\GD1P03-PaintRW\GD1P03-PaintTool\GD1P03-PaintTool\Canvas.cpp(125,20): warning C4018: '<': signed/unsigned mismatch
C:\Users\GGPC\Documents\GitHub\GD1P03-PaintRW\GD1P03-PaintTool\GD1P03-PaintTool\Canvas.cpp(143,16): warning C4129: '(': unrecognized character escape sequence
C:\Users\GGPC\Documents\GitHub\GD1P03-PaintRW\GD1P03-PaintTool\GD1P03-PaintTool\Canvas.cpp(143,16): warning C4129: ')': unrecognized character escape sequence
  PaintToolManager.cpp
C:\Users\GGPC\Documents\GitHub\GD1P03-PaintRW\GD1P03-PaintTool\GD1P03-PaintTool\PaintToolManager.h(2,10): warning C4067: unexpected tokens following preprocessor directive - expected a newline
C:\Users\GGPC\Documents\GitHub\GD1P03-PaintRW\GD1P03-PaintTool\GD1P03-PaintTool\Canvas.h(2,10): warning C4067: unexpected tokens following preprocessor directive - expected a newline
  ToolsCanvas.cpp
C:\Users\GGPC\Documents\GitHub\GD1P03-PaintRW\GD1P03-PaintTool\GD1P03-PaintTool\ToolsCanvas.h(2,10): warning C4067: unexpected tokens following preprocessor directive - expected a newline
C:\Users\GGPC\Documents\GitHub\GD1P03-PaintRW\GD1P03-PaintTool\GD1P03-PaintTool\Button.h(2,10): warning C4067: unexpected tokens following preprocessor directive - expected a newline
C:\Users\GGPC\Documents\GitHub\GD1P03-PaintRW\GD1P03-PaintTool\GD1P03-PaintTool\Canvas.h(2,10): warning C4067: unexpected tokens following preprocessor directive - expected a newline
C:\Users\GGPC\Documents\GitHub\GD1P03-PaintRW\GD1P03-PaintTool\GD1P03-PaintTool\PaintToolManager.h(2,10): warning C4067: unexpected tokens following preprocessor directive - expected a newline
C:\Users\GGPC\Documents\GitHub\GD1P03-PaintRW\GD1P03-PaintTool\GD1P03-PaintTool\ToolsCanvas.cpp(15,20): warning C4018: '<': signed/unsigned mismatch
C:\Users\GGPC\Documents\GitHub\GD1P03-PaintRW\GD1P03-PaintTool\GD1P03-PaintTool\ToolsCanvas.cpp(30,21): warning C4018: '<': signed/unsigned mismatch
C:\Users\GGPC\Documents\GitHub\GD1P03-PaintRW\GD1P03-PaintTool\GD1P03-PaintTool\ToolsCanvas.cpp(46,20): warning C4018: '<': signed/unsigned mismatch
  main.cpp
C:\Users\GGPC\Documents\GitHub\GD1P03-PaintRW\GD1P03-PaintTool\GD1P03-PaintTool\PaintToolManager.h(2,10): warning C4067: unexpected tokens following preprocessor directive - expected a newline
C:\Users\GGPC\Documents\GitHub\GD1P03-PaintRW\GD1P03-PaintTool\GD1P03-PaintTool\Canvas.h(2,10): warning C4067: unexpected tokens following preprocessor directive - expected a newline
C:\Users\GGPC\Documents\GitHub\GD1P03-PaintRW\GD1P03-PaintTool\GD1P03-PaintTool\ToolsCanvas.h(2,10): warning C4067: unexpected tokens following preprocessor directive - expected a newline
C:\Users\GGPC\Documents\GitHub\GD1P03-PaintRW\GD1P03-PaintTool\GD1P03-PaintTool\Button.h(2,10): warning C4067: unexpected tokens following preprocessor directive - expected a newline
C:\Users\GGPC\Documents\GitHub\GD1P03-PaintRW\GD1P03-PaintTool\GD1P03-PaintTool\main.cpp(39,64): warning C4244: 'argument': conversion from 'float' to 'unsigned int', possible loss of data
C:\Users\GGPC\Documents\GitHub\GD1P03-PaintRW\GD1P03-PaintTool\GD1P03-PaintTool\main.cpp(39,55): warning C4244: 'argument': conversion from 'float' to 'unsigned int', possible loss of data
C:\Users\GGPC\Documents\GitHub\GD1P03-PaintRW\GD1P03-PaintTool\GD1P03-PaintTool\main.cpp(42,49): warning C4244: 'argument': conversion from 'float' to 'int', possible loss of data
C:\Users\GGPC\Documents\GitHub\GD1P03-PaintRW\GD1P03-PaintTool\GD1P03-PaintTool\main.cpp(42,40): warning C4244: 'argument': conversion from 'float' to 'int', possible loss of data
C:\Users\GGPC\Documents\GitHub\GD1P03-PaintRW\GD1P03-PaintTool\GD1P03-PaintTool\main.cpp(49,12): warning C4244: 'argument': conversion from 'time_t' to 'unsigned int', possible loss of data
C:\Users\GGPC\Documents\GitHub\GD1P03-PaintRW\GD1P03-PaintTool\GD1P03-PaintTool\main.cpp(164,72): warning C4244: 'argument': conversion from 'unsigned int' to 'T', possible loss of data
          with
          [
              T=float
          ]
C:\Users\GGPC\Documents\GitHub\GD1P03-PaintRW\GD1P03-PaintTool\GD1P03-PaintTool\main.cpp(164,51): warning C4244: 'argument': conversion from 'unsigned int' to 'T', possible loss of data
          with
          [
              T=float
          ]
C:\Users\GGPC\Documents\GitHub\GD1P03-PaintRW\GD1P03-PaintTool\GD1P03-PaintTool\main.cpp(164,118): warning C4244: 'argument': conversion from 'unsigned int' to 'T', possible loss of data
          with
          [
              T=float
          ]
C:\Users\GGPC\Documents\GitHub\GD1P03-PaintRW\GD1P03-PaintTool\GD1P03-PaintTool\main.cpp(164,100): warning C4244: 'argument': conversion from 'unsigned int' to 'T', possible loss of data
          with
          [
              T=float
          ]
  Generating code
  100 of 261 functions (38.3%) were compiled, the rest were copied from previous compilation.
    8 functions were new in current compilation
    14 functions had inline decision re-evaluated but remain unchanged
  Finished generating code
  SFMLProjectJul29th.vcxproj -> C:\Users\GGPC\Documents\GitHub\GD1P03-PaintRW\GD1P03-PaintTool\Release\GD1P03-PaintTool.exe
